generator_list:=
[ (), 
  ( 1,14,11, 4, 3, 2)( 5, 6, 9,16,15,12)( 7,10)( 8,13), 
  ( 1,10,11, 4, 7, 2)( 3,14)( 5, 8, 9,16,13,12)( 6,15), 
  ( 1,11, 3)( 2,14, 4)( 5, 9,15)( 6,16,12), 
  ( 1, 2)( 3,14)( 4,11)( 5,12)( 6,15)( 7,10)( 8,13)( 9,16), 
  ( 1, 7)( 2,14)( 3,11)( 4,10)( 5,13)( 6,12)( 8,16)( 9,15), 
  ( 1, 3)( 2,10)( 4,14)( 5,15)( 6,16)( 7,11)( 8,12)( 9,13), 
  ( 1, 4)( 2,11)( 3,14)( 5,16)( 6,15)( 7,10)( 8,13)( 9,12), 
  ( 2,14,10)( 3, 7,11)( 6, 8,12)( 9,15,13), 
  ( 1,14, 7, 4, 3,10)( 2,11)( 5, 6,13,16,15, 8)( 9,12), 
  ( 1,10)( 2, 3)( 4, 7)( 5, 8)( 6, 9)(11,14)(12,15)(13,16), 
  ( 1,11)( 2, 4)( 3, 7)( 5, 9)( 6, 8)(10,14)(12,16)(13,15), 
  ( 1, 2, 3,10)( 4,11,14, 7)( 5,12,15, 8)( 6,13,16, 9), 
  ( 1, 7, 3)( 4,10,14)( 5,13,15)( 6,16, 8), 
  ( 1, 3,11)( 2, 4,14)( 5,15, 9)( 6,12,16), 
  ( 1, 4)( 2, 3,10,11,14, 7)( 5,16)( 6,13,12,15, 8, 9), 
  ( 2,14)( 3,11)( 6,12)( 9,15), 
  ( 1,14)( 2,11)( 3, 4)( 5, 6)( 7,10)( 8,13)( 9,12)(15,16), 
  ( 1,10,11,14)( 2, 3, 4, 7)( 5, 8, 9, 6)(12,15,16,13), 
  ( 1,11)( 2, 4)( 5, 9)(12,16), 
  ( 1, 2, 3, 4,11,14)( 5,12,15,16, 9, 6)( 7,10)( 8,13), 
  ( 1, 7)( 4,10)( 5,13)( 8,16), 
  ( 1, 3, 7,11)( 2, 4,14,10)( 5,15,13, 9)( 6, 8,12,16), 
  ( 1, 4)( 2, 3)( 5,16)( 6, 9)( 7,10)( 8,13)(11,14)(12,15), 
  ( 2,10)( 7,11)( 8,12)( 9,13), 
  ( 1,14,11,10)( 2, 7, 4, 3)( 5, 6, 9, 8)(12,13,16,15), 
  ( 1,10)( 2,11)( 3,14)( 4, 7)( 5, 8)( 6,15)( 9,12)(13,16), 
  ( 1,11, 7, 3)( 2,10,14, 4)( 5, 9,13,15)( 6,16,12, 8), 
  ( 1, 2, 7, 4,11,10)( 3,14)( 5,12,13,16, 9, 8)( 6,15), 
  ( 1, 7, 3,11)( 2, 4,10,14)( 5,13,15, 9)( 6,12,16, 8), 
  ( 1, 3)( 4,14)( 5,15)( 6,16), 
  ( 1, 4)( 2, 7)( 3,14)( 5,16)( 6,15)( 8, 9)(10,11)(12,13), 
  ( 3, 7)( 6, 8)(10,14)(13,15), 
  ( 1,14, 7, 2)( 3,10,11, 4)( 5, 6,13,12)( 8, 9,16,15), 
  ( 1,10, 3, 2)( 4, 7,14,11)( 5, 8,15,12)( 6, 9,16,13), 
  ( 1,11, 3, 7)( 2,14,10, 4)( 5, 9,15,13)( 6, 8,16,12), 
  ( 1, 2)( 3,10)( 4,11)( 5,12)( 6,13)( 7,14)( 8,15)( 9,16), 
  ( 1, 7,11, 3)( 2,14, 4,10)( 5,13, 9,15)( 6,16, 8,12), 
  ( 1, 3,11, 7)( 2,10, 4,14)( 5,15, 9,13)( 6,12, 8,16), 
  ( 1, 4)( 2,11)( 3,10)( 5,16)( 6,13)( 7,14)( 8,15)( 9,12), 
  ( 2,10,14)( 3,11, 7)( 6,12, 8)( 9,13,15), 
  ( 1,14)( 2, 7)( 3, 4)( 5, 6)( 8, 9)(10,11)(12,13)(15,16), 
  ( 1,10, 3, 4, 7,14)( 2,11)( 5, 8,15,16,13, 6)( 9,12),
  ( 1,11, 7)( 2,10, 4)( 5, 9,13)( 8,16,12), 
  ( 1, 2, 7,14)( 3, 4,11,10)( 5,12,13, 6)( 8,15,16, 9), 
  ( 1, 7,11)( 2, 4,10)( 5,13, 9)( 8,12,16), 
  ( 1, 3, 7)( 4,14,10)( 5,15,13)( 6, 8,16), 
  ( 1, 4)( 2, 7,14,11,10, 3)( 5,16)( 6, 9, 8,15,12,13) ];
